<?xml version="1.0" encoding="UTF-8"?>
<testng-results skipped="0" failed="0" total="1" passed="1">
  <reporter-output>
  </reporter-output>
  <suite name="Suite" duration-ms="96" started-at="2017-08-02T06:31:09Z" finished-at="2017-08-02T06:31:09Z">
    <groups>
    </groups>
    <test name="Test" duration-ms="96" started-at="2017-08-02T06:31:09Z" finished-at="2017-08-02T06:31:09Z">
      <class name="com.selenium.demo.test01">
        <test-method status="PASS" signature="launch()" name="launch" duration-ms="49" started-at="2017-08-02T06:31:09Z" finished-at="2017-08-02T06:31:09Z">
        </test-method>
      </class>
    </test>
  </suite>
</testng-results>
