<?xml version="1.0" encoding="UTF-8"?>
<testng-results skipped="0" failed="0" total="1" passed="1">
  <reporter-output>
  </reporter-output>
  <suite name="Suite" duration-ms="109" started-at="2017-08-18T05:53:23Z" finished-at="2017-08-18T05:53:23Z">
    <groups>
    </groups>
    <test name="Test" duration-ms="109" started-at="2017-08-18T05:53:23Z" finished-at="2017-08-18T05:53:23Z">
      <class name="com.selenium.demo.test01">
        <test-method status="PASS" signature="launch()" name="launch" duration-ms="47" started-at="2017-08-18T05:53:23Z" finished-at="2017-08-18T05:53:23Z">
        </test-method>
      </class>
    </test>
  </suite>
</testng-results>
